;  LST file generated by mikroListExporter - v.2.0 
; Date/Time: 28/03/2018 10:27:25 a. m.
;----------------------------------------------

;Address Opcode 	ASM
0x0000	0xF001EFD1  	GOTO        930
0x0004	0x0000      	NOP
0x0006	0x0000      	NOP
0x0008	0xF000EF00  	GOTO        0
0x000C	0x0000      	NOP
0x000E	0x0000      	NOP
0x0010	0x0000      	NOP
0x0012	0x0000      	NOP
0x0014	0x0000      	NOP
0x0016	0x0000      	NOP
0x0018	0xD7F3      	BRA         0
_Delay_50us:
;__Lib_Delays.c,19 :: 		void Delay_50us() {
;__Lib_Delays.c,20 :: 		Delay_us(50);
0x001C	0x0E10      	MOVLW       16
0x001E	0x6E0D      	MOVWF       R13, 0
L_Delay_50us2:
0x0020	0x2E0D      	DECFSZ      R13, 1, 0
0x0022	0xD7FE      	BRA         L_Delay_50us2
0x0024	0x0000      	NOP
;__Lib_Delays.c,21 :: 		}
L_end_Delay_50us:
0x0026	0x0012      	RETURN      0
; end of _Delay_50us
_Delay_5500us:
;__Lib_Delays.c,31 :: 		void Delay_5500us() {
;__Lib_Delays.c,32 :: 		Delay_us(5500);
0x0028	0x0E08      	MOVLW       8
0x002A	0x6E0C      	MOVWF       R12, 0
0x002C	0x0E23      	MOVLW       35
0x002E	0x6E0D      	MOVWF       R13, 0
L_Delay_5500us5:
0x0030	0x2E0D      	DECFSZ      R13, 1, 0
0x0032	0xD7FE      	BRA         L_Delay_5500us5
0x0034	0x2E0C      	DECFSZ      R12, 1, 0
0x0036	0xD7FC      	BRA         L_Delay_5500us5
;__Lib_Delays.c,33 :: 		}
L_end_Delay_5500us:
0x0038	0x0012      	RETURN      0
; end of _Delay_5500us
_Delay_1us:
;__Lib_Delays.c,7 :: 		void Delay_1us() {
;__Lib_Delays.c,8 :: 		Delay_us(1);
0x003A	0x0000      	NOP
;__Lib_Delays.c,9 :: 		}
L_end_Delay_1us:
0x003C	0x0012      	RETURN      0
; end of _Delay_1us
_Keypad_Key_Press:
;__Lib_Keypad4x4.c,38 :: 		
;__Lib_Keypad4x4.c,42 :: 		
0x003E	0x0100      	MOVLB       0
0x0040	0x6B90      	CLRF        Keypad_Key_Press_rslt_L0, 1
;__Lib_Keypad4x4.c,43 :: 		
0x0042	0x6B92      	CLRF        Keypad_Key_Press_loc_L0, 1
;__Lib_Keypad4x4.c,44 :: 		
0x0044	0x6B93      	CLRF        Keypad_Key_Press_rowcnt_L0, 1
;__Lib_Keypad4x4.c,45 :: 		
0x0046	0x0E10      	MOVLW       16
0x0048	0x6F94      	MOVWF       Keypad_Key_Press_shifter_L0, 1
;__Lib_Keypad4x4.c,47 :: 		
L_Keypad_Key_Press0:
0x004A	0x0E04      	MOVLW       4
0x004C	0x5D93      	SUBWF       Keypad_Key_Press_rowcnt_L0, 0, 1
0x004E	0xE21D      	BC          L_Keypad_Key_Press1
;__Lib_Keypad4x4.c,49 :: 		
0x0050	0x0EF0      	MOVLW       240
0x0052	0x6E81      	MOVWF       keypadPort 
;__Lib_Keypad4x4.c,50 :: 		
0x0054	0x1D94      	COMF        Keypad_Key_Press_shifter_L0, 0, 1
0x0056	0x6E93      	MOVWF       keypadPort+18 
;__Lib_Keypad4x4.c,54 :: 		
0x0058	0xDFF0      	RCALL       _Delay_1us
;__Lib_Keypad4x4.c,55 :: 		
0x005A	0xDFEF      	RCALL       _Delay_1us
;__Lib_Keypad4x4.c,56 :: 		
0x005C	0x0E0F      	MOVLW       15
0x005E	0x1481      	ANDWF       keypadPort, 0 
0x0060	0x6E00      	MOVWF       R0 
0x0062	0xF091C000  	MOVFF       R0, Keypad_Key_Press_kdata_L0
;__Lib_Keypad4x4.c,57 :: 		
0x0066	0x5200      	MOVF        R0, 1 
0x0068	0xE00A      	BZ          L_Keypad_Key_Press2
;__Lib_Keypad4x4.c,59 :: 		
0x006A	0xF090C092  	MOVFF       Keypad_Key_Press_loc_L0, Keypad_Key_Press_rslt_L0
;__Lib_Keypad4x4.c,60 :: 		
L_Keypad_Key_Press3:
0x006E	0x5391      	MOVF        Keypad_Key_Press_kdata_L0, 1, 1
0x0070	0xE004      	BZ          L_Keypad_Key_Press4
;__Lib_Keypad4x4.c,61 :: 		
0x0072	0x3391      	RRCF        Keypad_Key_Press_kdata_L0, 1, 1
0x0074	0x9F91      	BCF         Keypad_Key_Press_kdata_L0, 7, 1
;__Lib_Keypad4x4.c,62 :: 		
0x0076	0x2B90      	INCF        Keypad_Key_Press_rslt_L0, 1, 1
;__Lib_Keypad4x4.c,63 :: 		
0x0078	0xD7FA      	BRA         L_Keypad_Key_Press3
L_Keypad_Key_Press4:
;__Lib_Keypad4x4.c,65 :: 		
0x007A	0x0E04      	MOVLW       4
0x007C	0x6F93      	MOVWF       Keypad_Key_Press_rowcnt_L0, 1
;__Lib_Keypad4x4.c,66 :: 		
L_Keypad_Key_Press2:
;__Lib_Keypad4x4.c,67 :: 		
0x007E	0x3794      	RLCF        Keypad_Key_Press_shifter_L0, 1, 1
0x0080	0x9194      	BCF         Keypad_Key_Press_shifter_L0, 0, 1
;__Lib_Keypad4x4.c,68 :: 		
0x0082	0x0E04      	MOVLW       4
0x0084	0x2792      	ADDWF       Keypad_Key_Press_loc_L0, 1, 1
;__Lib_Keypad4x4.c,69 :: 		
0x0086	0x2B93      	INCF        Keypad_Key_Press_rowcnt_L0, 1, 1
;__Lib_Keypad4x4.c,70 :: 		
0x0088	0xD7E0      	BRA         L_Keypad_Key_Press0
L_Keypad_Key_Press1:
;__Lib_Keypad4x4.c,72 :: 		
0x008A	0xF000C090  	MOVFF       Keypad_Key_Press_rslt_L0, R0
;__Lib_Keypad4x4.c,73 :: 		
L_end_Keypad_Key_Press:
0x008E	0x0012      	RETURN      0
; end of _Keypad_Key_Press
_Delay_10us:
;__Lib_Delays.c,11 :: 		void Delay_10us() {
;__Lib_Delays.c,12 :: 		Delay_us(10);
0x0090	0x0E03      	MOVLW       3
0x0092	0x6E0D      	MOVWF       R13, 0
L_Delay_10us0:
0x0094	0x2E0D      	DECFSZ      R13, 1, 0
0x0096	0xD7FE      	BRA         L_Delay_10us0
;__Lib_Delays.c,13 :: 		}
L_end_Delay_10us:
0x0098	0x0012      	RETURN      0
; end of _Delay_10us
_Lcd_Cmd:
;__Lib_Lcd.c,18 :: 		
;__Lib_Lcd.c,20 :: 		
0x009A	0x0100      	MOVLB       0
0x009C	0xBF90      	BTFSC       FARG_Lcd_Cmd_out_char, 7, 1
0x009E	0xD002      	BRA         L__Lcd_Cmd21
0x00A0	0x9E83      	BCF         LCD_D7, BitPos(LCD_D7+0) 
0x00A2	0xD001      	BRA         L__Lcd_Cmd22
L__Lcd_Cmd21:
0x00A4	0x8E83      	BSF         LCD_D7, BitPos(LCD_D7+0) 
L__Lcd_Cmd22:
;__Lib_Lcd.c,21 :: 		
0x00A6	0xBD90      	BTFSC       FARG_Lcd_Cmd_out_char, 6, 1
0x00A8	0xD002      	BRA         L__Lcd_Cmd23
0x00AA	0x9C83      	BCF         LCD_D6, BitPos(LCD_D6+0) 
0x00AC	0xD001      	BRA         L__Lcd_Cmd24
L__Lcd_Cmd23:
0x00AE	0x8C83      	BSF         LCD_D6, BitPos(LCD_D6+0) 
L__Lcd_Cmd24:
;__Lib_Lcd.c,22 :: 		
0x00B0	0xBB90      	BTFSC       FARG_Lcd_Cmd_out_char, 5, 1
0x00B2	0xD002      	BRA         L__Lcd_Cmd25
0x00B4	0x9A83      	BCF         LCD_D5, BitPos(LCD_D5+0) 
0x00B6	0xD001      	BRA         L__Lcd_Cmd26
L__Lcd_Cmd25:
0x00B8	0x8A83      	BSF         LCD_D5, BitPos(LCD_D5+0) 
L__Lcd_Cmd26:
;__Lib_Lcd.c,23 :: 		
0x00BA	0xB990      	BTFSC       FARG_Lcd_Cmd_out_char, 4, 1
0x00BC	0xD002      	BRA         L__Lcd_Cmd27
0x00BE	0x9883      	BCF         LCD_D4, BitPos(LCD_D4+0) 
0x00C0	0xD001      	BRA         L__Lcd_Cmd28
L__Lcd_Cmd27:
0x00C2	0x8883      	BSF         LCD_D4, BitPos(LCD_D4+0) 
L__Lcd_Cmd28:
;__Lib_Lcd.c,25 :: 		
0x00C4	0xB187      	BTFSC       __Lib_Lcd_cmd_status, BitPos(__Lib_Lcd_cmd_status+0), 1
0x00C6	0xD002      	BRA         L__Lcd_Cmd29
0x00C8	0x8083      	BSF         LCD_RS, BitPos(LCD_RS+0) 
0x00CA	0xD001      	BRA         L__Lcd_Cmd30
L__Lcd_Cmd29:
0x00CC	0x9083      	BCF         LCD_RS, BitPos(LCD_RS+0) 
L__Lcd_Cmd30:
;__Lib_Lcd.c,28 :: 		
0x00CE	0x8283      	BSF         LCD_EN, BitPos(LCD_EN+0) 
;__Lib_Lcd.c,29 :: 		
0x00D0	0xDFB4      	RCALL       _Delay_1us
;__Lib_Lcd.c,30 :: 		
0x00D2	0x9283      	BCF         LCD_EN, BitPos(LCD_EN+0) 
;__Lib_Lcd.c,33 :: 		
0x00D4	0xB790      	BTFSC       FARG_Lcd_Cmd_out_char, 3, 1
0x00D6	0xD002      	BRA         L__Lcd_Cmd31
0x00D8	0x9E83      	BCF         LCD_D7, BitPos(LCD_D7+0) 
0x00DA	0xD001      	BRA         L__Lcd_Cmd32
L__Lcd_Cmd31:
0x00DC	0x8E83      	BSF         LCD_D7, BitPos(LCD_D7+0) 
L__Lcd_Cmd32:
;__Lib_Lcd.c,34 :: 		
0x00DE	0xB590      	BTFSC       FARG_Lcd_Cmd_out_char, 2, 1
0x00E0	0xD002      	BRA         L__Lcd_Cmd33
0x00E2	0x9C83      	BCF         LCD_D6, BitPos(LCD_D6+0) 
0x00E4	0xD001      	BRA         L__Lcd_Cmd34
L__Lcd_Cmd33:
0x00E6	0x8C83      	BSF         LCD_D6, BitPos(LCD_D6+0) 
L__Lcd_Cmd34:
;__Lib_Lcd.c,35 :: 		
0x00E8	0xB390      	BTFSC       FARG_Lcd_Cmd_out_char, 1, 1
0x00EA	0xD002      	BRA         L__Lcd_Cmd35
0x00EC	0x9A83      	BCF         LCD_D5, BitPos(LCD_D5+0) 
0x00EE	0xD001      	BRA         L__Lcd_Cmd36
L__Lcd_Cmd35:
0x00F0	0x8A83      	BSF         LCD_D5, BitPos(LCD_D5+0) 
L__Lcd_Cmd36:
;__Lib_Lcd.c,36 :: 		
0x00F2	0xB190      	BTFSC       FARG_Lcd_Cmd_out_char, 0, 1
0x00F4	0xD002      	BRA         L__Lcd_Cmd37
0x00F6	0x9883      	BCF         LCD_D4, BitPos(LCD_D4+0) 
0x00F8	0xD001      	BRA         L__Lcd_Cmd38
L__Lcd_Cmd37:
0x00FA	0x8883      	BSF         LCD_D4, BitPos(LCD_D4+0) 
L__Lcd_Cmd38:
;__Lib_Lcd.c,38 :: 		
0x00FC	0xB187      	BTFSC       __Lib_Lcd_cmd_status, BitPos(__Lib_Lcd_cmd_status+0), 1
0x00FE	0xD002      	BRA         L__Lcd_Cmd39
0x0100	0x8083      	BSF         LCD_RS, BitPos(LCD_RS+0) 
0x0102	0xD001      	BRA         L__Lcd_Cmd40
L__Lcd_Cmd39:
0x0104	0x9083      	BCF         LCD_RS, BitPos(LCD_RS+0) 
L__Lcd_Cmd40:
;__Lib_Lcd.c,40 :: 		
0x0106	0x8283      	BSF         LCD_EN, BitPos(LCD_EN+0) 
;__Lib_Lcd.c,41 :: 		
0x0108	0xDF98      	RCALL       _Delay_1us
;__Lib_Lcd.c,42 :: 		
0x010A	0x9283      	BCF         LCD_EN, BitPos(LCD_EN+0) 
;__Lib_Lcd.c,44 :: 		
0x010C	0xA187      	BTFSS       __Lib_Lcd_cmd_status, BitPos(__Lib_Lcd_cmd_status+0), 1
0x010E	0xD002      	BRA         L_Lcd_Cmd0
;__Lib_Lcd.c,45 :: 		
0x0110	0xDF8B      	RCALL       _Delay_5500us
0x0112	0xD001      	BRA         L_Lcd_Cmd1
L_Lcd_Cmd0:
;__Lib_Lcd.c,47 :: 		
0x0114	0xDF83      	RCALL       _Delay_50us
L_Lcd_Cmd1:
;__Lib_Lcd.c,48 :: 		
L_end_Lcd_Cmd:
0x0116	0x0012      	RETURN      0
; end of _Lcd_Cmd
_Keypad_Key_Click:
;__Lib_Keypad4x4.c,76 :: 		
;__Lib_Keypad4x4.c,80 :: 		
0x0118	0xDF92      	RCALL       _Keypad_Key_Press
0x011A	0xF08FC000  	MOVFF       R0, Keypad_Key_Click_rslt_L0
;__Lib_Keypad4x4.c,82 :: 		
L_Keypad_Key_Click5:
0x011E	0x0E0F      	MOVLW       15
0x0120	0x1481      	ANDWF       keypadPort, 0 
0x0122	0x6E00      	MOVWF       R0 
0x0124	0xE002      	BZ          L_Keypad_Key_Click6
;__Lib_Keypad4x4.c,83 :: 		
0x0126	0xDFB4      	RCALL       _Delay_10us
0x0128	0xD7FA      	BRA         L_Keypad_Key_Click5
L_Keypad_Key_Click6:
;__Lib_Keypad4x4.c,85 :: 		
0x012A	0xF000C08F  	MOVFF       Keypad_Key_Click_rslt_L0, R0
;__Lib_Keypad4x4.c,86 :: 		
L_end_Keypad_Key_Click:
0x012E	0x0012      	RETURN      0
; end of _Keypad_Key_Click
_Lcd_Chr_CP:
;__Lib_Lcd.c,50 :: 		
;__Lib_Lcd.c,52 :: 		
0x0130	0x0100      	MOVLB       0
0x0132	0x9187      	BCF         __Lib_Lcd_cmd_status, BitPos(__Lib_Lcd_cmd_status+0), 1
;__Lib_Lcd.c,53 :: 		
0x0134	0xF090C08F  	MOVFF       FARG_Lcd_Chr_CP_out_char, FARG_Lcd_Cmd_out_char
0x0138	0xDFB0      	RCALL       _Lcd_Cmd
;__Lib_Lcd.c,54 :: 		
0x013A	0x8187      	BSF         __Lib_Lcd_cmd_status, BitPos(__Lib_Lcd_cmd_status+0), 1
;__Lib_Lcd.c,55 :: 		
L_end_Lcd_Chr_CP:
0x013C	0x0012      	RETURN      0
; end of _Lcd_Chr_CP
_Keypad_Init:
;__Lib_Keypad4x4.c,33 :: 		
;__Lib_Keypad4x4.c,34 :: 		
0x013E	0x0EFF      	MOVLW       255
0x0140	0x6E93      	MOVWF       keypadPort+18 
;__Lib_Keypad4x4.c,35 :: 		
L_end_Keypad_Init:
0x0142	0x0012      	RETURN      0
; end of _Keypad_Init
___CC2DW:
;__Lib_System.c,21 :: 		
;__Lib_System.c,23 :: 		
_CC2DL_Loop1:
;__Lib_System.c,24 :: 		
0x0144	0x0009      	TBLRD*+
;__Lib_System.c,25 :: 		
0x0146	0xFFE6CFF5  	MOVFF       TABLAT, POSTINC1
;__Lib_System.c,26 :: 		
0x014A	0x0600      	DECF        R0, 1, 0
;__Lib_System.c,27 :: 		
0x014C	0xE1FB      	BNZ         _CC2DL_Loop1
;__Lib_System.c,28 :: 		
0x014E	0x0601      	DECF        R1, 1, 0
;__Lib_System.c,29 :: 		
0x0150	0xE1F9      	BNZ         _CC2DL_Loop1
;__Lib_System.c,31 :: 		
L_end___CC2DW:
0x0152	0x0012      	RETURN      0
; end of ___CC2DW
_Lcd_Init:
;__Lib_Lcd.c,84 :: 		
;__Lib_Lcd.c,86 :: 		
0x0154	0x9295      	BCF         LCD_EN_Direction, BitPos(LCD_EN_Direction+0) 
;__Lib_Lcd.c,87 :: 		
0x0156	0x9095      	BCF         LCD_RS_Direction, BitPos(LCD_RS_Direction+0) 
;__Lib_Lcd.c,88 :: 		
0x0158	0x9895      	BCF         LCD_D4_Direction, BitPos(LCD_D4_Direction+0) 
;__Lib_Lcd.c,89 :: 		
0x015A	0x9A95      	BCF         LCD_D5_Direction, BitPos(LCD_D5_Direction+0) 
;__Lib_Lcd.c,90 :: 		
0x015C	0x9C95      	BCF         LCD_D6_Direction, BitPos(LCD_D6_Direction+0) 
;__Lib_Lcd.c,91 :: 		
0x015E	0x9E95      	BCF         LCD_D7_Direction, BitPos(LCD_D7_Direction+0) 
;__Lib_Lcd.c,93 :: 		
0x0160	0x9283      	BCF         LCD_EN, BitPos(LCD_EN+0) 
;__Lib_Lcd.c,94 :: 		
0x0162	0x9083      	BCF         LCD_RS, BitPos(LCD_RS+0) 
;__Lib_Lcd.c,95 :: 		
0x0164	0x9E83      	BCF         LCD_D7, BitPos(LCD_D7+0) 
;__Lib_Lcd.c,96 :: 		
0x0166	0x9C83      	BCF         LCD_D6, BitPos(LCD_D6+0) 
;__Lib_Lcd.c,97 :: 		
0x0168	0x9A83      	BCF         LCD_D5, BitPos(LCD_D5+0) 
;__Lib_Lcd.c,98 :: 		
0x016A	0x9883      	BCF         LCD_D4, BitPos(LCD_D4+0) 
;__Lib_Lcd.c,100 :: 		
0x016C	0xDF5D      	RCALL       _Delay_5500us
;__Lib_Lcd.c,101 :: 		
0x016E	0xDF5C      	RCALL       _Delay_5500us
;__Lib_Lcd.c,102 :: 		
0x0170	0xDF5B      	RCALL       _Delay_5500us
;__Lib_Lcd.c,105 :: 		
0x0172	0x8A83      	BSF         LCD_D5, BitPos(LCD_D5+0) 
;__Lib_Lcd.c,106 :: 		
0x0174	0x8883      	BSF         LCD_D4, BitPos(LCD_D4+0) 
;__Lib_Lcd.c,107 :: 		
0x0176	0x8283      	BSF         LCD_EN, BitPos(LCD_EN+0) 
;__Lib_Lcd.c,108 :: 		
0x0178	0xDF60      	RCALL       _Delay_1us
;__Lib_Lcd.c,109 :: 		
0x017A	0x9283      	BCF         LCD_EN, BitPos(LCD_EN+0) 
;__Lib_Lcd.c,110 :: 		
0x017C	0xDF55      	RCALL       _Delay_5500us
;__Lib_Lcd.c,112 :: 		
0x017E	0x8283      	BSF         LCD_EN, BitPos(LCD_EN+0) 
;__Lib_Lcd.c,113 :: 		
0x0180	0xDF5C      	RCALL       _Delay_1us
;__Lib_Lcd.c,114 :: 		
0x0182	0x9283      	BCF         LCD_EN, BitPos(LCD_EN+0) 
;__Lib_Lcd.c,115 :: 		
0x0184	0xDF51      	RCALL       _Delay_5500us
;__Lib_Lcd.c,117 :: 		
0x0186	0x8283      	BSF         LCD_EN, BitPos(LCD_EN+0) 
;__Lib_Lcd.c,118 :: 		
0x0188	0xDF58      	RCALL       _Delay_1us
;__Lib_Lcd.c,119 :: 		
0x018A	0x9283      	BCF         LCD_EN, BitPos(LCD_EN+0) 
;__Lib_Lcd.c,120 :: 		
0x018C	0xDF4D      	RCALL       _Delay_5500us
;__Lib_Lcd.c,123 :: 		
0x018E	0x9883      	BCF         LCD_D4, BitPos(LCD_D4+0) 
;__Lib_Lcd.c,124 :: 		
0x0190	0x8283      	BSF         LCD_EN, BitPos(LCD_EN+0) 
;__Lib_Lcd.c,125 :: 		
0x0192	0xDF53      	RCALL       _Delay_1us
;__Lib_Lcd.c,126 :: 		
0x0194	0x9283      	BCF         LCD_EN, BitPos(LCD_EN+0) 
;__Lib_Lcd.c,127 :: 		
0x0196	0xDF48      	RCALL       _Delay_5500us
;__Lib_Lcd.c,130 :: 		
0x0198	0x8283      	BSF         LCD_EN, BitPos(LCD_EN+0) 
;__Lib_Lcd.c,131 :: 		
0x019A	0xDF4F      	RCALL       _Delay_1us
;__Lib_Lcd.c,132 :: 		
0x019C	0x9283      	BCF         LCD_EN, BitPos(LCD_EN+0) 
;__Lib_Lcd.c,134 :: 		
0x019E	0x9A83      	BCF         LCD_D5, BitPos(LCD_D5+0) 
;__Lib_Lcd.c,135 :: 		
0x01A0	0x8E83      	BSF         LCD_D7, BitPos(LCD_D7+0) 
;__Lib_Lcd.c,136 :: 		
0x01A2	0x8283      	BSF         LCD_EN, BitPos(LCD_EN+0) 
;__Lib_Lcd.c,137 :: 		
0x01A4	0xDF4A      	RCALL       _Delay_1us
;__Lib_Lcd.c,138 :: 		
0x01A6	0x9283      	BCF         LCD_EN, BitPos(LCD_EN+0) 
;__Lib_Lcd.c,139 :: 		
0x01A8	0xDF3F      	RCALL       _Delay_5500us
;__Lib_Lcd.c,142 :: 		
0x01AA	0x9E83      	BCF         LCD_D7, BitPos(LCD_D7+0) 
;__Lib_Lcd.c,143 :: 		
0x01AC	0x8883      	BSF         LCD_D4, BitPos(LCD_D4+0) 
;__Lib_Lcd.c,144 :: 		
0x01AE	0x8283      	BSF         LCD_EN, BitPos(LCD_EN+0) 
;__Lib_Lcd.c,145 :: 		
0x01B0	0xDF44      	RCALL       _Delay_1us
;__Lib_Lcd.c,146 :: 		
0x01B2	0x9283      	BCF         LCD_EN, BitPos(LCD_EN+0) 
;__Lib_Lcd.c,148 :: 		
0x01B4	0x9883      	BCF         LCD_D4, BitPos(LCD_D4+0) 
;__Lib_Lcd.c,149 :: 		
0x01B6	0x8283      	BSF         LCD_EN, BitPos(LCD_EN+0) 
;__Lib_Lcd.c,150 :: 		
0x01B8	0xDF40      	RCALL       _Delay_1us
;__Lib_Lcd.c,151 :: 		
0x01BA	0x9283      	BCF         LCD_EN, BitPos(LCD_EN+0) 
;__Lib_Lcd.c,152 :: 		
0x01BC	0xDF35      	RCALL       _Delay_5500us
;__Lib_Lcd.c,155 :: 		
0x01BE	0x8283      	BSF         LCD_EN, BitPos(LCD_EN+0) 
;__Lib_Lcd.c,156 :: 		
0x01C0	0xDF3C      	RCALL       _Delay_1us
;__Lib_Lcd.c,157 :: 		
0x01C2	0x9283      	BCF         LCD_EN, BitPos(LCD_EN+0) 
;__Lib_Lcd.c,159 :: 		
0x01C4	0x8883      	BSF         LCD_D4, BitPos(LCD_D4+0) 
;__Lib_Lcd.c,160 :: 		
0x01C6	0x8283      	BSF         LCD_EN, BitPos(LCD_EN+0) 
;__Lib_Lcd.c,161 :: 		
0x01C8	0xDF38      	RCALL       _Delay_1us
;__Lib_Lcd.c,162 :: 		
0x01CA	0x9283      	BCF         LCD_EN, BitPos(LCD_EN+0) 
;__Lib_Lcd.c,163 :: 		
0x01CC	0xDF2D      	RCALL       _Delay_5500us
;__Lib_Lcd.c,166 :: 		
0x01CE	0x9883      	BCF         LCD_D4, BitPos(LCD_D4+0) 
;__Lib_Lcd.c,167 :: 		
0x01D0	0x8283      	BSF         LCD_EN, BitPos(LCD_EN+0) 
;__Lib_Lcd.c,168 :: 		
0x01D2	0xDF33      	RCALL       _Delay_1us
;__Lib_Lcd.c,169 :: 		
0x01D4	0x9283      	BCF         LCD_EN, BitPos(LCD_EN+0) 
;__Lib_Lcd.c,171 :: 		
0x01D6	0x8E83      	BSF         LCD_D7, BitPos(LCD_D7+0) 
;__Lib_Lcd.c,172 :: 		
0x01D8	0x8C83      	BSF         LCD_D6, BitPos(LCD_D6+0) 
;__Lib_Lcd.c,173 :: 		
0x01DA	0x8A83      	BSF         LCD_D5, BitPos(LCD_D5+0) 
;__Lib_Lcd.c,174 :: 		
0x01DC	0x8883      	BSF         LCD_D4, BitPos(LCD_D4+0) 
;__Lib_Lcd.c,175 :: 		
0x01DE	0x8283      	BSF         LCD_EN, BitPos(LCD_EN+0) 
;__Lib_Lcd.c,176 :: 		
0x01E0	0xDF2C      	RCALL       _Delay_1us
;__Lib_Lcd.c,177 :: 		
0x01E2	0x9283      	BCF         LCD_EN, BitPos(LCD_EN+0) 
;__Lib_Lcd.c,179 :: 		
0x01E4	0xDF21      	RCALL       _Delay_5500us
;__Lib_Lcd.c,181 :: 		
0x01E6	0x0100      	MOVLB       0
0x01E8	0x8187      	BSF         __Lib_Lcd_cmd_status, BitPos(__Lib_Lcd_cmd_status+0), 1
;__Lib_Lcd.c,182 :: 		
L_end_Lcd_Init:
0x01EA	0x0012      	RETURN      0
; end of _Lcd_Init
_Lcd_Chr:
;__Lib_Lcd.c,65 :: 		
;__Lib_Lcd.c,66 :: 		
0x01EC	0xD010      	BRA         L_Lcd_Chr4
;__Lib_Lcd.c,67 :: 		
L_Lcd_Chr6:
0x01EE	0x0E80      	MOVLW       128
0x01F0	0x0100      	MOVLB       0
0x01F2	0x6F8A      	MOVWF       FARG_Lcd_Chr_row, 1
0x01F4	0xD01A      	BRA         L_Lcd_Chr5
;__Lib_Lcd.c,68 :: 		
L_Lcd_Chr7:
0x01F6	0x0EC0      	MOVLW       192
0x01F8	0x6F8A      	MOVWF       FARG_Lcd_Chr_row, 1
0x01FA	0xD017      	BRA         L_Lcd_Chr5
;__Lib_Lcd.c,69 :: 		
L_Lcd_Chr8:
0x01FC	0x0E94      	MOVLW       148
0x01FE	0x6F8A      	MOVWF       FARG_Lcd_Chr_row, 1
0x0200	0xD014      	BRA         L_Lcd_Chr5
;__Lib_Lcd.c,70 :: 		
L_Lcd_Chr9:
0x0202	0x0ED4      	MOVLW       212
0x0204	0x6F8A      	MOVWF       FARG_Lcd_Chr_row, 1
0x0206	0xD011      	BRA         L_Lcd_Chr5
;__Lib_Lcd.c,71 :: 		
L_Lcd_Chr10:
0x0208	0x0E80      	MOVLW       128
0x020A	0x6F8A      	MOVWF       FARG_Lcd_Chr_row, 1
;__Lib_Lcd.c,72 :: 		
0x020C	0xD00E      	BRA         L_Lcd_Chr5
L_Lcd_Chr4:
0x020E	0x0100      	MOVLB       0
0x0210	0x518A      	MOVF        FARG_Lcd_Chr_row, 0, 1
0x0212	0x0A01      	XORLW       1
0x0214	0xE0EC      	BZ          L_Lcd_Chr6
0x0216	0x518A      	MOVF        FARG_Lcd_Chr_row, 0, 1
0x0218	0x0A02      	XORLW       2
0x021A	0xE0ED      	BZ          L_Lcd_Chr7
0x021C	0x518A      	MOVF        FARG_Lcd_Chr_row, 0, 1
0x021E	0x0A03      	XORLW       3
0x0220	0xE0ED      	BZ          L_Lcd_Chr8
0x0222	0x518A      	MOVF        FARG_Lcd_Chr_row, 0, 1
0x0224	0x0A04      	XORLW       4
0x0226	0xE0ED      	BZ          L_Lcd_Chr9
0x0228	0xD7EF      	BRA         L_Lcd_Chr10
L_Lcd_Chr5:
;__Lib_Lcd.c,74 :: 		
0x022A	0x058B      	DECF        FARG_Lcd_Chr_column, 0, 1
0x022C	0x6E00      	MOVWF       R0 
0x022E	0x518A      	MOVF        FARG_Lcd_Chr_row, 0, 1
0x0230	0x2600      	ADDWF       R0, 1 
0x0232	0xF08AC000  	MOVFF       R0, FARG_Lcd_Chr_row
;__Lib_Lcd.c,76 :: 		
0x0236	0x8187      	BSF         __Lib_Lcd_cmd_status, BitPos(__Lib_Lcd_cmd_status+0), 1
;__Lib_Lcd.c,77 :: 		
0x0238	0xF090C000  	MOVFF       R0, FARG_Lcd_Cmd_out_char
0x023C	0xDF2E      	RCALL       _Lcd_Cmd
;__Lib_Lcd.c,79 :: 		
0x023E	0x9187      	BCF         __Lib_Lcd_cmd_status, BitPos(__Lib_Lcd_cmd_status+0), 1
;__Lib_Lcd.c,80 :: 		
0x0240	0xF090C08C  	MOVFF       FARG_Lcd_Chr_out_char, FARG_Lcd_Cmd_out_char
0x0244	0xDF2A      	RCALL       _Lcd_Cmd
;__Lib_Lcd.c,81 :: 		
0x0246	0x8187      	BSF         __Lib_Lcd_cmd_status, BitPos(__Lib_Lcd_cmd_status+0), 1
;__Lib_Lcd.c,82 :: 		
L_end_Lcd_Chr:
0x0248	0x0012      	RETURN      0
; end of _Lcd_Chr
_teclado:
;configuracion.h,19 :: 		int teclado(){
;configuracion.h,20 :: 		kp = 0;
0x024A	0x0100      	MOVLB       0
0x024C	0x6B86      	CLRF        _kp, 1
;configuracion.h,21 :: 		do{
L_teclado0:
;configuracion.h,23 :: 		kp = Keypad_Key_Click();
0x024E	0xDF64      	RCALL       _Keypad_Key_Click
0x0250	0xF086C000  	MOVFF       R0, _kp
;configuracion.h,24 :: 		}while (!kp);
0x0254	0x5200      	MOVF        R0, 1 
0x0256	0xE0FB      	BZ          L_teclado0
;configuracion.h,26 :: 		switch (kp) {
0x0258	0xD030      	BRA         L_teclado3
;configuracion.h,27 :: 		case  1: kp = 49; break; // 1
L_teclado5:
0x025A	0x0E31      	MOVLW       49
0x025C	0x6F86      	MOVWF       _kp, 1
0x025E	0xD05D      	BRA         L_teclado4
;configuracion.h,28 :: 		case  2: kp = 50; break; // 2
L_teclado6:
0x0260	0x0E32      	MOVLW       50
0x0262	0x6F86      	MOVWF       _kp, 1
0x0264	0xD05A      	BRA         L_teclado4
;configuracion.h,29 :: 		case  3: kp = 51; break; // 3
L_teclado7:
0x0266	0x0E33      	MOVLW       51
0x0268	0x6F86      	MOVWF       _kp, 1
0x026A	0xD057      	BRA         L_teclado4
;configuracion.h,30 :: 		case  4: kp = 65; break; // A
L_teclado8:
0x026C	0x0E41      	MOVLW       65
0x026E	0x6F86      	MOVWF       _kp, 1
0x0270	0xD054      	BRA         L_teclado4
;configuracion.h,31 :: 		case  5: kp = 52; break; // 4
L_teclado9:
0x0272	0x0E34      	MOVLW       52
0x0274	0x6F86      	MOVWF       _kp, 1
0x0276	0xD051      	BRA         L_teclado4
;configuracion.h,32 :: 		case  6: kp = 53; break; // 5
L_teclado10:
0x0278	0x0E35      	MOVLW       53
0x027A	0x6F86      	MOVWF       _kp, 1
0x027C	0xD04E      	BRA         L_teclado4
;configuracion.h,33 :: 		case  7: kp = 54; break; // 6
L_teclado11:
0x027E	0x0E36      	MOVLW       54
0x0280	0x6F86      	MOVWF       _kp, 1
0x0282	0xD04B      	BRA         L_teclado4
;configuracion.h,34 :: 		case  8: kp = 66; break; // B
L_teclado12:
0x0284	0x0E42      	MOVLW       66
0x0286	0x6F86      	MOVWF       _kp, 1
0x0288	0xD048      	BRA         L_teclado4
;configuracion.h,35 :: 		case  9: kp = 55; break; // 7
L_teclado13:
0x028A	0x0E37      	MOVLW       55
0x028C	0x6F86      	MOVWF       _kp, 1
0x028E	0xD045      	BRA         L_teclado4
;configuracion.h,36 :: 		case 10: kp = 56; break; // 8
L_teclado14:
0x0290	0x0E38      	MOVLW       56
0x0292	0x6F86      	MOVWF       _kp, 1
0x0294	0xD042      	BRA         L_teclado4
;configuracion.h,37 :: 		case 11: kp = 57; break; // 9
L_teclado15:
0x0296	0x0E39      	MOVLW       57
0x0298	0x6F86      	MOVWF       _kp, 1
0x029A	0xD03F      	BRA         L_teclado4
;configuracion.h,38 :: 		case 12: kp = 67; break; // C
L_teclado16:
0x029C	0x0E43      	MOVLW       67
0x029E	0x6F86      	MOVWF       _kp, 1
0x02A0	0xD03C      	BRA         L_teclado4
;configuracion.h,39 :: 		case 13: kp = 42; break; // *
L_teclado17:
0x02A2	0x0E2A      	MOVLW       42
0x02A4	0x6F86      	MOVWF       _kp, 1
0x02A6	0xD039      	BRA         L_teclado4
;configuracion.h,40 :: 		case 14: kp = 48; break; // 0
L_teclado18:
0x02A8	0x0E30      	MOVLW       48
0x02AA	0x6F86      	MOVWF       _kp, 1
0x02AC	0xD036      	BRA         L_teclado4
;configuracion.h,41 :: 		case 15: kp = 35; break; // #
L_teclado19:
0x02AE	0x0E23      	MOVLW       35
0x02B0	0x6F86      	MOVWF       _kp, 1
0x02B2	0xD033      	BRA         L_teclado4
;configuracion.h,42 :: 		case 16: kp = 68; break; // D
L_teclado20:
0x02B4	0x0E44      	MOVLW       68
0x02B6	0x6F86      	MOVWF       _kp, 1
0x02B8	0xD030      	BRA         L_teclado4
;configuracion.h,43 :: 		}
L_teclado3:
0x02BA	0x5186      	MOVF        _kp, 0, 1
0x02BC	0x0A01      	XORLW       1
0x02BE	0xE0CD      	BZ          L_teclado5
0x02C0	0x5186      	MOVF        _kp, 0, 1
0x02C2	0x0A02      	XORLW       2
0x02C4	0xE0CD      	BZ          L_teclado6
0x02C6	0x5186      	MOVF        _kp, 0, 1
0x02C8	0x0A03      	XORLW       3
0x02CA	0xE0CD      	BZ          L_teclado7
0x02CC	0x5186      	MOVF        _kp, 0, 1
0x02CE	0x0A04      	XORLW       4
0x02D0	0xE0CD      	BZ          L_teclado8
0x02D2	0x5186      	MOVF        _kp, 0, 1
0x02D4	0x0A05      	XORLW       5
0x02D6	0xE0CD      	BZ          L_teclado9
0x02D8	0x5186      	MOVF        _kp, 0, 1
0x02DA	0x0A06      	XORLW       6
0x02DC	0xE0CD      	BZ          L_teclado10
0x02DE	0x5186      	MOVF        _kp, 0, 1
0x02E0	0x0A07      	XORLW       7
0x02E2	0xE0CD      	BZ          L_teclado11
0x02E4	0x5186      	MOVF        _kp, 0, 1
0x02E6	0x0A08      	XORLW       8
0x02E8	0xE0CD      	BZ          L_teclado12
0x02EA	0x5186      	MOVF        _kp, 0, 1
0x02EC	0x0A09      	XORLW       9
0x02EE	0xE0CD      	BZ          L_teclado13
0x02F0	0x5186      	MOVF        _kp, 0, 1
0x02F2	0x0A0A      	XORLW       10
0x02F4	0xE0CD      	BZ          L_teclado14
0x02F6	0x5186      	MOVF        _kp, 0, 1
0x02F8	0x0A0B      	XORLW       11
0x02FA	0xE0CD      	BZ          L_teclado15
0x02FC	0x5186      	MOVF        _kp, 0, 1
0x02FE	0x0A0C      	XORLW       12
0x0300	0xE0CD      	BZ          L_teclado16
0x0302	0x5186      	MOVF        _kp, 0, 1
0x0304	0x0A0D      	XORLW       13
0x0306	0xE0CD      	BZ          L_teclado17
0x0308	0x5186      	MOVF        _kp, 0, 1
0x030A	0x0A0E      	XORLW       14
0x030C	0xE0CD      	BZ          L_teclado18
0x030E	0x5186      	MOVF        _kp, 0, 1
0x0310	0x0A0F      	XORLW       15
0x0312	0xE0CD      	BZ          L_teclado19
0x0314	0x5186      	MOVF        _kp, 0, 1
0x0316	0x0A10      	XORLW       16
0x0318	0xE0CD      	BZ          L_teclado20
L_teclado4:
;configuracion.h,44 :: 		return kp;
0x031A	0xF000C086  	MOVFF       _kp, R0
0x031E	0x0E00      	MOVLW       0
0x0320	0x6E01      	MOVWF       R1 
;configuracion.h,45 :: 		}
L_end_teclado:
0x0322	0x0012      	RETURN      0
; end of _teclado
_Lcd_Out:
;__Lib_Lcd.c,184 :: 		
;__Lib_Lcd.c,187 :: 		
0x0324	0xD010      	BRA         L_Lcd_Out11
;__Lib_Lcd.c,188 :: 		
L_Lcd_Out13:
0x0326	0x0E80      	MOVLW       128
0x0328	0x0100      	MOVLB       0
0x032A	0x6F8A      	MOVWF       FARG_Lcd_Out_row, 1
0x032C	0xD01A      	BRA         L_Lcd_Out12
;__Lib_Lcd.c,189 :: 		
L_Lcd_Out14:
0x032E	0x0EC0      	MOVLW       192
0x0330	0x6F8A      	MOVWF       FARG_Lcd_Out_row, 1
0x0332	0xD017      	BRA         L_Lcd_Out12
;__Lib_Lcd.c,190 :: 		
L_Lcd_Out15:
0x0334	0x0E94      	MOVLW       148
0x0336	0x6F8A      	MOVWF       FARG_Lcd_Out_row, 1
0x0338	0xD014      	BRA         L_Lcd_Out12
;__Lib_Lcd.c,191 :: 		
L_Lcd_Out16:
0x033A	0x0ED4      	MOVLW       212
0x033C	0x6F8A      	MOVWF       FARG_Lcd_Out_row, 1
0x033E	0xD011      	BRA         L_Lcd_Out12
;__Lib_Lcd.c,192 :: 		
L_Lcd_Out17:
0x0340	0x0E80      	MOVLW       128
0x0342	0x6F8A      	MOVWF       FARG_Lcd_Out_row, 1
;__Lib_Lcd.c,193 :: 		
0x0344	0xD00E      	BRA         L_Lcd_Out12
L_Lcd_Out11:
0x0346	0x0100      	MOVLB       0
0x0348	0x518A      	MOVF        FARG_Lcd_Out_row, 0, 1
0x034A	0x0A01      	XORLW       1
0x034C	0xE0EC      	BZ          L_Lcd_Out13
0x034E	0x518A      	MOVF        FARG_Lcd_Out_row, 0, 1
0x0350	0x0A02      	XORLW       2
0x0352	0xE0ED      	BZ          L_Lcd_Out14
0x0354	0x518A      	MOVF        FARG_Lcd_Out_row, 0, 1
0x0356	0x0A03      	XORLW       3
0x0358	0xE0ED      	BZ          L_Lcd_Out15
0x035A	0x518A      	MOVF        FARG_Lcd_Out_row, 0, 1
0x035C	0x0A04      	XORLW       4
0x035E	0xE0ED      	BZ          L_Lcd_Out16
0x0360	0xD7EF      	BRA         L_Lcd_Out17
L_Lcd_Out12:
;__Lib_Lcd.c,194 :: 		
0x0362	0x058B      	DECF        FARG_Lcd_Out_column, 0, 1
0x0364	0x6E00      	MOVWF       R0 
0x0366	0x518A      	MOVF        FARG_Lcd_Out_row, 0, 1
0x0368	0x2600      	ADDWF       R0, 1 
0x036A	0xF08AC000  	MOVFF       R0, FARG_Lcd_Out_row
;__Lib_Lcd.c,196 :: 		
0x036E	0xF090C000  	MOVFF       R0, FARG_Lcd_Cmd_out_char
0x0372	0xDE93      	RCALL       _Lcd_Cmd
;__Lib_Lcd.c,197 :: 		
0x0374	0x9187      	BCF         __Lib_Lcd_cmd_status, BitPos(__Lib_Lcd_cmd_status+0), 1
;__Lib_Lcd.c,198 :: 		
0x0376	0x6B8E      	CLRF        Lcd_Out_i_L0, 1
;__Lib_Lcd.c,199 :: 		
L_Lcd_Out18:
0x0378	0x518E      	MOVF        Lcd_Out_i_L0, 0, 1
0x037A	0x258C      	ADDWF       FARG_Lcd_Out_text, 0, 1
0x037C	0x6EE9      	MOVWF       FSR0L 
0x037E	0x0E00      	MOVLW       0
0x0380	0x218D      	ADDWFC      FARG_Lcd_Out_text+1, 0, 1
0x0382	0x6EEA      	MOVWF       FSR0H 
0x0384	0x52EE      	MOVF        POSTINC0, 1 
0x0386	0xE00B      	BZ          L_Lcd_Out19
;__Lib_Lcd.c,200 :: 		
0x0388	0x518E      	MOVF        Lcd_Out_i_L0, 0, 1
0x038A	0x258C      	ADDWF       FARG_Lcd_Out_text, 0, 1
0x038C	0x6EE9      	MOVWF       FSR0L 
0x038E	0x0E00      	MOVLW       0
0x0390	0x218D      	ADDWFC      FARG_Lcd_Out_text+1, 0, 1
0x0392	0x6EEA      	MOVWF       FSR0H 
0x0394	0xF08FCFEE  	MOVFF       POSTINC0, FARG_Lcd_Chr_CP_out_char
0x0398	0xDECB      	RCALL       _Lcd_Chr_CP
0x039A	0x2B8E      	INCF        Lcd_Out_i_L0, 1, 1
0x039C	0xD7ED      	BRA         L_Lcd_Out18
L_Lcd_Out19:
;__Lib_Lcd.c,201 :: 		
0x039E	0x8187      	BSF         __Lib_Lcd_cmd_status, BitPos(__Lib_Lcd_cmd_status+0), 1
;__Lib_Lcd.c,202 :: 		
L_end_Lcd_Out:
0x03A0	0x0012      	RETURN      0
; end of _Lcd_Out
_main:
0x03A2	0xF002ECCB  	CALL        1430, 0
;CLAVE_TECLADO.c,10 :: 		void main() {
;CLAVE_TECLADO.c,11 :: 		ADCON1 = 0x0F;
0x03A6	0x0E0F      	MOVLW       15
0x03A8	0x6EC1      	MOVWF       ADCON1 
;CLAVE_TECLADO.c,12 :: 		TRISC = 0x00;
0x03AA	0x6A94      	CLRF        TRISC 
;CLAVE_TECLADO.c,13 :: 		Lcd_init();
0x03AC	0xDED3      	RCALL       _Lcd_Init
;CLAVE_TECLADO.c,14 :: 		Lcd_cmd(12);
0x03AE	0x0E0C      	MOVLW       12
0x03B0	0x6F90      	MOVWF       FARG_Lcd_Cmd_out_char, 1
0x03B2	0xDE73      	RCALL       _Lcd_Cmd
;CLAVE_TECLADO.c,15 :: 		Keypad_init();
0x03B4	0xDEC4      	RCALL       _Keypad_Init
;CLAVE_TECLADO.c,16 :: 		Lcd_out(1,1,"DIGITE CONTRASENA");
0x03B6	0x0E01      	MOVLW       1
0x03B8	0x6F8A      	MOVWF       FARG_Lcd_Out_row, 1
0x03BA	0x0E01      	MOVLW       1
0x03BC	0x6F8B      	MOVWF       FARG_Lcd_Out_column, 1
0x03BE	0x0E36      	MOVLW       ?lstr1_CLAVE_TECLADO
0x03C0	0x6F8C      	MOVWF       FARG_Lcd_Out_text, 1
0x03C2	0x0E00      	MOVLW       hi_addr(?lstr1_CLAVE_TECLADO)
0x03C4	0x6F8D      	MOVWF       FARG_Lcd_Out_text+1, 1
0x03C6	0xDFAE      	RCALL       _Lcd_Out
;CLAVE_TECLADO.c,17 :: 		Lcd_out(2,1,"CONTRA: ");
0x03C8	0x0E02      	MOVLW       2
0x03CA	0x6F8A      	MOVWF       FARG_Lcd_Out_row, 1
0x03CC	0x0E01      	MOVLW       1
0x03CE	0x6F8B      	MOVWF       FARG_Lcd_Out_column, 1
0x03D0	0x0E2D      	MOVLW       ?lstr2_CLAVE_TECLADO
0x03D2	0x6F8C      	MOVWF       FARG_Lcd_Out_text, 1
0x03D4	0x0E00      	MOVLW       hi_addr(?lstr2_CLAVE_TECLADO)
0x03D6	0x6F8D      	MOVWF       FARG_Lcd_Out_text+1, 1
0x03D8	0xDFA5      	RCALL       _Lcd_Out
;CLAVE_TECLADO.c,18 :: 		while(1){
L_main21:
;CLAVE_TECLADO.c,19 :: 		usuario[i]= teclado();
0x03DA	0x0E28      	MOVLW       _usuario
0x03DC	0x241F      	ADDWF       _i, 0 
0x03DE	0x6F88      	MOVWF       FLOC__main, 1
0x03E0	0x0E00      	MOVLW       hi_addr(_usuario)
0x03E2	0x2020      	ADDWFC      _i+1, 0 
0x03E4	0x6F89      	MOVWF       FLOC__main+1, 1
0x03E6	0xDF31      	RCALL       _teclado
0x03E8	0xFFE1C088  	MOVFF       FLOC__main, FSR1L
0x03EC	0xFFE2C089  	MOVFF       FLOC__main+1, FSR1H
0x03F0	0xFFE6C000  	MOVFF       R0, POSTINC1
;CLAVE_TECLADO.c,20 :: 		Lcd_chr_cp('*');
0x03F4	0x0E2A      	MOVLW       42
0x03F6	0x6F8F      	MOVWF       FARG_Lcd_Chr_CP_out_char, 1
0x03F8	0xDE9B      	RCALL       _Lcd_Chr_CP
;CLAVE_TECLADO.c,21 :: 		i++;
0x03FA	0x4A1F      	INFSNZ      _i, 1 
0x03FC	0x2A20      	INCF        _i+1, 1 
;CLAVE_TECLADO.c,22 :: 		if(i==4){
0x03FE	0x0E00      	MOVLW       0
0x0400	0x1820      	XORWF       _i+1, 0 
0x0402	0xE102      	BNZ         L__main34
0x0404	0x0E04      	MOVLW       4
0x0406	0x181F      	XORWF       _i, 0 
L__main34:
0x0408	0xA4D8      	BTFSS       STATUS, 2 
0x040A	0xD08A      	BRA         L_main23
;CLAVE_TECLADO.c,23 :: 		Lcd_cmd(1);
0x040C	0x0E01      	MOVLW       1
0x040E	0x6F90      	MOVWF       FARG_Lcd_Cmd_out_char, 1
0x0410	0xDE44      	RCALL       _Lcd_Cmd
;CLAVE_TECLADO.c,24 :: 		Lcd_out(1,1,"VALIDANDO");
0x0412	0x0E01      	MOVLW       1
0x0414	0x6F8A      	MOVWF       FARG_Lcd_Out_row, 1
0x0416	0x0E01      	MOVLW       1
0x0418	0x6F8B      	MOVWF       FARG_Lcd_Out_column, 1
0x041A	0x0E15      	MOVLW       ?lstr3_CLAVE_TECLADO
0x041C	0x6F8C      	MOVWF       FARG_Lcd_Out_text, 1
0x041E	0x0E00      	MOVLW       hi_addr(?lstr3_CLAVE_TECLADO)
0x0420	0x6F8D      	MOVWF       FARG_Lcd_Out_text+1, 1
0x0422	0xDF80      	RCALL       _Lcd_Out
;CLAVE_TECLADO.c,25 :: 		for(i=0; i<=3; i++){
0x0424	0x6A1F      	CLRF        _i 
0x0426	0x6A20      	CLRF        _i+1 
L_main24:
0x0428	0x0E80      	MOVLW       128
0x042A	0x6E00      	MOVWF       R0 
0x042C	0x0E80      	MOVLW       128
0x042E	0x1820      	XORWF       _i+1, 0 
0x0430	0x5C00      	SUBWF       R0, 0 
0x0432	0xE102      	BNZ         L__main35
0x0434	0x501F      	MOVF        _i, 0 
0x0436	0x0803      	SUBLW       3
L__main35:
0x0438	0xE329      	BNC         L_main25
;CLAVE_TECLADO.c,26 :: 		if(fija[i] != usuario[i]){
0x043A	0x0E23      	MOVLW       _fija
0x043C	0x241F      	ADDWF       _i, 0 
0x043E	0x6EE9      	MOVWF       FSR0L 
0x0440	0x0E00      	MOVLW       hi_addr(_fija)
0x0442	0x2020      	ADDWFC      _i+1, 0 
0x0444	0x6EEA      	MOVWF       FSR0H 
0x0446	0x0E28      	MOVLW       _usuario
0x0448	0x241F      	ADDWF       _i, 0 
0x044A	0x6ED9      	MOVWF       FSR2L 
0x044C	0x0E00      	MOVLW       hi_addr(_usuario)
0x044E	0x2020      	ADDWFC      _i+1, 0 
0x0450	0x6EDA      	MOVWF       FSR2H 
0x0452	0x50EE      	MOVF        POSTINC0, 0 
0x0454	0x18DE      	XORWF       POSTINC2, 0 
0x0456	0xE002      	BZ          L_main27
;CLAVE_TECLADO.c,27 :: 		error++;
0x0458	0x4A21      	INFSNZ      _error, 1 
0x045A	0x2A22      	INCF        _error+1, 1 
;CLAVE_TECLADO.c,28 :: 		}
L_main27:
;CLAVE_TECLADO.c,29 :: 		Lcd_chr(2,i+1,'*');
0x045C	0x0E02      	MOVLW       2
0x045E	0x6F8A      	MOVWF       FARG_Lcd_Chr_row, 1
0x0460	0x501F      	MOVF        _i, 0 
0x0462	0x0F01      	ADDLW       1
0x0464	0x6F8B      	MOVWF       FARG_Lcd_Chr_column, 1
0x0466	0x0E2A      	MOVLW       42
0x0468	0x6F8C      	MOVWF       FARG_Lcd_Chr_out_char, 1
0x046A	0xDEC0      	RCALL       _Lcd_Chr
;CLAVE_TECLADO.c,30 :: 		delay_ms(200);
0x046C	0x0E02      	MOVLW       2
0x046E	0x6E0B      	MOVWF       R11, 0
0x0470	0x0E04      	MOVLW       4
0x0472	0x6E0C      	MOVWF       R12, 0
0x0474	0x0EBA      	MOVLW       186
0x0476	0x6E0D      	MOVWF       R13, 0
L_main28:
0x0478	0x2E0D      	DECFSZ      R13, 1, 0
0x047A	0xD7FE      	BRA         L_main28
0x047C	0x2E0C      	DECFSZ      R12, 1, 0
0x047E	0xD7FC      	BRA         L_main28
0x0480	0x2E0B      	DECFSZ      R11, 1, 0
0x0482	0xD7FA      	BRA         L_main28
0x0484	0x0000      	NOP
;CLAVE_TECLADO.c,25 :: 		for(i=0; i<=3; i++){
0x0486	0x4A1F      	INFSNZ      _i, 1 
0x0488	0x2A20      	INCF        _i+1, 1 
;CLAVE_TECLADO.c,31 :: 		}
0x048A	0xD7CE      	BRA         L_main24
L_main25:
;CLAVE_TECLADO.c,32 :: 		if(error==0){
0x048C	0x0E00      	MOVLW       0
0x048E	0x1822      	XORWF       _error+1, 0 
0x0490	0xE102      	BNZ         L__main36
0x0492	0x0E00      	MOVLW       0
0x0494	0x1821      	XORWF       _error, 0 
L__main36:
0x0496	0xE10F      	BNZ         L_main29
;CLAVE_TECLADO.c,33 :: 		verde=1;
0x0498	0x8082      	BSF         PORTC, 0 
;CLAVE_TECLADO.c,34 :: 		rojo = 0;
0x049A	0x9282      	BCF         PORTC, 1 
;CLAVE_TECLADO.c,35 :: 		Lcd_cmd(1);
0x049C	0x0E01      	MOVLW       1
0x049E	0x6F90      	MOVWF       FARG_Lcd_Cmd_out_char, 1
0x04A0	0xDDFC      	RCALL       _Lcd_Cmd
;CLAVE_TECLADO.c,36 :: 		Lcd_out(1,1,"CONTRASENA VALIDA");
0x04A2	0x0E01      	MOVLW       1
0x04A4	0x6F8A      	MOVWF       FARG_Lcd_Out_row, 1
0x04A6	0x0E01      	MOVLW       1
0x04A8	0x6F8B      	MOVWF       FARG_Lcd_Out_column, 1
0x04AA	0x0E59      	MOVLW       ?lstr4_CLAVE_TECLADO
0x04AC	0x6F8C      	MOVWF       FARG_Lcd_Out_text, 1
0x04AE	0x0E00      	MOVLW       hi_addr(?lstr4_CLAVE_TECLADO)
0x04B0	0x6F8D      	MOVWF       FARG_Lcd_Out_text+1, 1
0x04B2	0xDF38      	RCALL       _Lcd_Out
;CLAVE_TECLADO.c,37 :: 		}
0x04B4	0xD00E      	BRA         L_main30
L_main29:
;CLAVE_TECLADO.c,39 :: 		verde=0;
0x04B6	0x9082      	BCF         PORTC, 0 
;CLAVE_TECLADO.c,40 :: 		rojo = 1;
0x04B8	0x8282      	BSF         PORTC, 1 
;CLAVE_TECLADO.c,41 :: 		Lcd_cmd(1);
0x04BA	0x0E01      	MOVLW       1
0x04BC	0x6F90      	MOVWF       FARG_Lcd_Cmd_out_char, 1
0x04BE	0xDDED      	RCALL       _Lcd_Cmd
;CLAVE_TECLADO.c,42 :: 		Lcd_out(1,1,"ERROR CONTRASENA");
0x04C0	0x0E01      	MOVLW       1
0x04C2	0x6F8A      	MOVWF       FARG_Lcd_Out_row, 1
0x04C4	0x0E01      	MOVLW       1
0x04C6	0x6F8B      	MOVWF       FARG_Lcd_Out_column, 1
0x04C8	0x0E48      	MOVLW       ?lstr5_CLAVE_TECLADO
0x04CA	0x6F8C      	MOVWF       FARG_Lcd_Out_text, 1
0x04CC	0x0E00      	MOVLW       hi_addr(?lstr5_CLAVE_TECLADO)
0x04CE	0x6F8D      	MOVWF       FARG_Lcd_Out_text+1, 1
0x04D0	0xDF29      	RCALL       _Lcd_Out
;CLAVE_TECLADO.c,43 :: 		}
L_main30:
;CLAVE_TECLADO.c,44 :: 		delay_ms(2000);
0x04D2	0x0E0B      	MOVLW       11
0x04D4	0x6E0B      	MOVWF       R11, 0
0x04D6	0x0E26      	MOVLW       38
0x04D8	0x6E0C      	MOVWF       R12, 0
0x04DA	0x0E5D      	MOVLW       93
0x04DC	0x6E0D      	MOVWF       R13, 0
L_main31:
0x04DE	0x2E0D      	DECFSZ      R13, 1, 0
0x04E0	0xD7FE      	BRA         L_main31
0x04E2	0x2E0C      	DECFSZ      R12, 1, 0
0x04E4	0xD7FC      	BRA         L_main31
0x04E6	0x2E0B      	DECFSZ      R11, 1, 0
0x04E8	0xD7FA      	BRA         L_main31
0x04EA	0x0000      	NOP
0x04EC	0x0000      	NOP
;CLAVE_TECLADO.c,45 :: 		lcd_cmd(1);
0x04EE	0x0E01      	MOVLW       1
0x04F0	0x6F90      	MOVWF       FARG_Lcd_Cmd_out_char, 1
0x04F2	0xDDD3      	RCALL       _Lcd_Cmd
;CLAVE_TECLADO.c,46 :: 		Lcd_out(1,1,"DIGITE CONTRASENA");
0x04F4	0x0E01      	MOVLW       1
0x04F6	0x6F8A      	MOVWF       FARG_Lcd_Out_row, 1
0x04F8	0x0E01      	MOVLW       1
0x04FA	0x6F8B      	MOVWF       FARG_Lcd_Out_column, 1
0x04FC	0x0E74      	MOVLW       ?lstr6_CLAVE_TECLADO
0x04FE	0x6F8C      	MOVWF       FARG_Lcd_Out_text, 1
0x0500	0x0E00      	MOVLW       hi_addr(?lstr6_CLAVE_TECLADO)
0x0502	0x6F8D      	MOVWF       FARG_Lcd_Out_text+1, 1
0x0504	0xDF0F      	RCALL       _Lcd_Out
;CLAVE_TECLADO.c,47 :: 		Lcd_out(2,1,"CONTRA: ");
0x0506	0x0E02      	MOVLW       2
0x0508	0x6F8A      	MOVWF       FARG_Lcd_Out_row, 1
0x050A	0x0E01      	MOVLW       1
0x050C	0x6F8B      	MOVWF       FARG_Lcd_Out_column, 1
0x050E	0x0E6B      	MOVLW       ?lstr7_CLAVE_TECLADO
0x0510	0x6F8C      	MOVWF       FARG_Lcd_Out_text, 1
0x0512	0x0E00      	MOVLW       hi_addr(?lstr7_CLAVE_TECLADO)
0x0514	0x6F8D      	MOVWF       FARG_Lcd_Out_text+1, 1
0x0516	0xDF06      	RCALL       _Lcd_Out
;CLAVE_TECLADO.c,48 :: 		i=0;
0x0518	0x6A1F      	CLRF        _i 
0x051A	0x6A20      	CLRF        _i+1 
;CLAVE_TECLADO.c,49 :: 		error=0;
0x051C	0x6A21      	CLRF        _error 
0x051E	0x6A22      	CLRF        _error+1 
;CLAVE_TECLADO.c,50 :: 		}
L_main23:
;CLAVE_TECLADO.c,52 :: 		}
0x0520	0xD75C      	BRA         L_main21
;CLAVE_TECLADO.c,53 :: 		}
L_end_main:
0x0522	0xD7FF      	BRA         $+0
; end of _main
0x0596	0xF015EE10  	LFSR        1, 21
0x059A	0x0E71      	MOVLW       113
0x059C	0x6E00      	MOVWF       R0 
0x059E	0x0E01      	MOVLW       1
0x05A0	0x6E01      	MOVWF       R1 
0x05A2	0x0E24      	MOVLW       36
0x05A4	0x6EF6      	MOVWF       4086 
0x05A6	0x0E05      	MOVLW       5
0x05A8	0x6EF7      	MOVWF       TBLPTRH 
0x05AA	0x0E00      	MOVLW       0
0x05AC	0x6EF8      	MOVWF       TBLPTRU 
0x05AE	0xF000ECA2  	CALL        324, 0
0x05B2	0x0012      	RETURN      0
;CLAVE_TECLADO.c,0 :: ?ICS?lstr3_CLAVE_TECLADO
0x0524	0x4156 ;?ICS?lstr3_CLAVE_TECLADO+0
0x0526	0x494C ;?ICS?lstr3_CLAVE_TECLADO+2
0x0528	0x4144 ;?ICS?lstr3_CLAVE_TECLADO+4
0x052A	0x444E ;?ICS?lstr3_CLAVE_TECLADO+6
0x052C	0x004F ;?ICS?lstr3_CLAVE_TECLADO+8
; end of ?ICS?lstr3_CLAVE_TECLADO
;CLAVE_TECLADO.c,0 :: ?ICS_i
0x052E	0x0000 ;?ICS_i+0
; end of ?ICS_i
;CLAVE_TECLADO.c,0 :: ?ICS_error
0x0530	0x0000 ;?ICS_error+0
; end of ?ICS_error
;CLAVE_TECLADO.c,0 :: ?ICS_fija
0x0532	0x3231 ;?ICS_fija+0
0x0534	0x3433 ;?ICS_fija+2
0x0536	0x00 ;?ICS_fija+4
; end of ?ICS_fija
;CLAVE_TECLADO.c,0 :: ?ICS_usuario
0x0537	0x0020 ;?ICS_usuario+0
0x0539	0x0000 ;?ICS_usuario+2
0x053B	0x00 ;?ICS_usuario+4
; end of ?ICS_usuario
;CLAVE_TECLADO.c,0 :: ?ICS?lstr2_CLAVE_TECLADO
0x053C	0x4F43 ;?ICS?lstr2_CLAVE_TECLADO+0
0x053E	0x544E ;?ICS?lstr2_CLAVE_TECLADO+2
0x0540	0x4152 ;?ICS?lstr2_CLAVE_TECLADO+4
0x0542	0x203A ;?ICS?lstr2_CLAVE_TECLADO+6
0x0544	0x00 ;?ICS?lstr2_CLAVE_TECLADO+8
; end of ?ICS?lstr2_CLAVE_TECLADO
;CLAVE_TECLADO.c,0 :: ?ICS?lstr1_CLAVE_TECLADO
0x0545	0x4944 ;?ICS?lstr1_CLAVE_TECLADO+0
0x0547	0x4947 ;?ICS?lstr1_CLAVE_TECLADO+2
0x0549	0x4554 ;?ICS?lstr1_CLAVE_TECLADO+4
0x054B	0x4320 ;?ICS?lstr1_CLAVE_TECLADO+6
0x054D	0x4E4F ;?ICS?lstr1_CLAVE_TECLADO+8
0x054F	0x5254 ;?ICS?lstr1_CLAVE_TECLADO+10
0x0551	0x5341 ;?ICS?lstr1_CLAVE_TECLADO+12
0x0553	0x4E45 ;?ICS?lstr1_CLAVE_TECLADO+14
0x0555	0x0041 ;?ICS?lstr1_CLAVE_TECLADO+16
; end of ?ICS?lstr1_CLAVE_TECLADO
;CLAVE_TECLADO.c,0 :: ?ICS?lstr5_CLAVE_TECLADO
0x0557	0x5245 ;?ICS?lstr5_CLAVE_TECLADO+0
0x0559	0x4F52 ;?ICS?lstr5_CLAVE_TECLADO+2
0x055B	0x2052 ;?ICS?lstr5_CLAVE_TECLADO+4
0x055D	0x4F43 ;?ICS?lstr5_CLAVE_TECLADO+6
0x055F	0x544E ;?ICS?lstr5_CLAVE_TECLADO+8
0x0561	0x4152 ;?ICS?lstr5_CLAVE_TECLADO+10
0x0563	0x4553 ;?ICS?lstr5_CLAVE_TECLADO+12
0x0565	0x414E ;?ICS?lstr5_CLAVE_TECLADO+14
0x0567	0x00 ;?ICS?lstr5_CLAVE_TECLADO+16
; end of ?ICS?lstr5_CLAVE_TECLADO
;CLAVE_TECLADO.c,0 :: ?ICS?lstr4_CLAVE_TECLADO
0x0568	0x4F43 ;?ICS?lstr4_CLAVE_TECLADO+0
0x056A	0x544E ;?ICS?lstr4_CLAVE_TECLADO+2
0x056C	0x4152 ;?ICS?lstr4_CLAVE_TECLADO+4
0x056E	0x4553 ;?ICS?lstr4_CLAVE_TECLADO+6
0x0570	0x414E ;?ICS?lstr4_CLAVE_TECLADO+8
0x0572	0x5620 ;?ICS?lstr4_CLAVE_TECLADO+10
0x0574	0x4C41 ;?ICS?lstr4_CLAVE_TECLADO+12
0x0576	0x4449 ;?ICS?lstr4_CLAVE_TECLADO+14
0x0578	0x0041 ;?ICS?lstr4_CLAVE_TECLADO+16
; end of ?ICS?lstr4_CLAVE_TECLADO
;CLAVE_TECLADO.c,0 :: ?ICS?lstr7_CLAVE_TECLADO
0x057A	0x4F43 ;?ICS?lstr7_CLAVE_TECLADO+0
0x057C	0x544E ;?ICS?lstr7_CLAVE_TECLADO+2
0x057E	0x4152 ;?ICS?lstr7_CLAVE_TECLADO+4
0x0580	0x203A ;?ICS?lstr7_CLAVE_TECLADO+6
0x0582	0x00 ;?ICS?lstr7_CLAVE_TECLADO+8
; end of ?ICS?lstr7_CLAVE_TECLADO
;CLAVE_TECLADO.c,0 :: ?ICS?lstr6_CLAVE_TECLADO
0x0583	0x4944 ;?ICS?lstr6_CLAVE_TECLADO+0
0x0585	0x4947 ;?ICS?lstr6_CLAVE_TECLADO+2
0x0587	0x4554 ;?ICS?lstr6_CLAVE_TECLADO+4
0x0589	0x4320 ;?ICS?lstr6_CLAVE_TECLADO+6
0x058B	0x4E4F ;?ICS?lstr6_CLAVE_TECLADO+8
0x058D	0x5254 ;?ICS?lstr6_CLAVE_TECLADO+10
0x058F	0x5341 ;?ICS?lstr6_CLAVE_TECLADO+12
0x0591	0x4E45 ;?ICS?lstr6_CLAVE_TECLADO+14
0x0593	0x0041 ;?ICS?lstr6_CLAVE_TECLADO+16
; end of ?ICS?lstr6_CLAVE_TECLADO
Symbol List:
//** Routines locations **
//ADDRESS    SIZE    PROCEDURE
//----------------------------------------------
0x001C      [12]    _Delay_50us
0x0028      [18]    _Delay_5500us
0x003A       [4]    _Delay_1us
0x003E      [82]    _Keypad_Key_Press
0x0090      [10]    _Delay_10us
0x009A     [126]    _Lcd_Cmd
0x0118      [24]    _Keypad_Key_Click
0x0130      [14]    _Lcd_Chr_CP
0x013E       [6]    _Keypad_Init
0x0144      [16]    ___CC2DW
0x0154     [152]    _Lcd_Init
0x01EC      [94]    _Lcd_Chr
0x024A     [218]    _teclado
0x0324     [126]    _Lcd_Out
0x03A2     [386]    _main
//** Variables locations ** 
//ADDRESS    SIZE    VARIABLE
//----------------------------------------------
0x0000       [1]    R0
0x0000       [1]    SPI1_Write_tmp_L0
0x0000       [1]    __Lib_SoftI2C_PutZerosToLATSda_temp_sda_L0
0x0000       [1]    FLASH_Erase_64_SaveINTCON_L0
0x0000       [1]    __Lib_SoftI2C_PutZerosToLATScl_temp_scl_L0
0x0000       [1]    UART1_Init_tmp_L0
0x0000       [1]    EEPROM_Write_SaveINTCON_L0
0x0001       [1]    __Lib_PS2_Wait_Falling_nsample_L0
0x0001       [1]    __Lib_USB_genHID_?FLOC____Lib_USB_genHID_USB_Handle_BusyT1
0x0001       [1]    __Lib_TFT_16bit_JPEG_FileReadBytes_Result_L0
0x0001       [1]    __Lib_TFT_JPEG_FileRead_i_L0
0x0001       [1]    __Lib_TFT_16bit_JPEG_FileRead_i_L0
0x0001       [1]    FLASH_Write_32_i_L0
0x0001       [1]    FLASH_Erase_Write_64_i_L0
0x0001       [1]    ispunct_rslt_L0
0x0001       [1]    UART1_Read___tmp_UART1_Read_L0
0x0001       [1]    __Lib_TFT_JPEG_FileReadBytes_Result_L0
0x0001       [2]    FLASH_Read_N_Bytes_i_L0
0x0001       [1]    R1
0x0002       [2]    __Lib_FT810_alt_memcpy_dd_L0
0x0002       [1]    __Lib_USB_genHID_USB_CtrlTrf_Rx_Service_byteToRead_L0
0x0002       [1]    FLASH_Write_32_SaveINTCON_L0
0x0002       [2]    __Lib_FT812_alt_memset_pp_L0
0x0002       [2]    __Lib_FT812_alt_memcpy_dd_L0
0x0002       [2]    __Lib_FT810_alt_memset_pp_L0
0x0002       [2]    __Lib_FT800_alt_memcpy_dd_L0
0x0002       [2]    __Lib_FT800_alt_strlen_cp_L0
0x0002       [2]    strlen_cp_L0
0x0002       [2]    __Lib_FT800_alt_memset_pp_L0
0x0002       [1]    FLASH_Erase_Write_64_j_L0
0x0002       [2]    __Lib_FT812_alt_strlen_cp_L0
0x0002       [2]    memchr_s_L0
0x0002       [1]    R2
0x0002       [2]    memset_pp_L0
0x0002       [2]    memcpy_dd_L0
0x0002       [2]    __Lib_FT810_alt_strlen_cp_L0
0x0003       [1]    __Lib_USB_genHID_USB_CtrlTrf_Rx_Service_i_L0
0x0003       [4]    FT810_Canvas_SurrRect_minX_L0
0x0003       [2]    __Lib_MmcFat16_f16_toInt_l_L0
0x0003       [1]    __Lib_Sprinti_?FLOC____Lib_Sprinti_Do_FillT29
0x0003       [2]    memmove_tt_L0
0x0003       [1]    R3
0x0003       [2]    MM_TotalFreeMemSize_Tot_L0
0x0003       [1]    FLASH_Erase_Write_64_SaveINTCON_L0
0x0003       [4]    FT800_Canvas_SurrRect_minX_L0
0x0003       [1]    MM_Init_i_L0
0x0003       [2]    __Lib_USB_genHID_USB_CtrlTrf_Tx_Service_byteToSend_L0
0x0003       [2]    Ltrim_original_L0
0x0003       [4]    FT812_Canvas_SurrRect_minX_L0
0x0004       [2]    strcat_cp_L0
0x0004       [2]    __Lib_FT800_alt_memcpy_ss_L0
0x0004       [1]    __Lib_Sprinti_?FLOC____Lib_Sprinti_Do_FillT40
0x0004       [2]    __Lib_MemManager_MM_GetMemAlign_P_L0
0x0004       [2]    __Lib_USB_genHID_USB_Transfer_Packet_handle_L0
0x0004       [3]    __Lib_FT812_alt_strlen_const_cp_L0
0x0004       [2]    strncpy_cp_L0
0x0004       [2]    frexp_pom_L0
0x0004       [1]    __Lib_USB_genHID_GetMaxIndexInDevDsc_index_L0
0x0004       [2]    strncat_cp_L0
0x0004       [2]    __Lib_USB_genHID_USB_Std_Feature_Req_Handler_p_L0
0x0004       [2]    __Lib_USB_genHID_USB_Get_Status_Handler_p_L2
0x0004       [2]    __Lib_FT810_alt_memcpy_ss_L0
0x0004       [2]    strcpy_cp_L0
0x0004       [3]    __Lib_FT800_alt_strlen_const_cp_L0
0x0004       [2]    __Lib_FT812_alt_memcpy_ss_L0
0x0004       [3]    __Lib_FT810_alt_strlen_const_cp_L0
0x0004       [1]    R4
0x0004       [2]    memcpy_ss_L0
0x0005       [2]    LongIntToHex_input_half_L0
0x0005       [1]    R5
0x0005       [2]    memmove_ff_L0
0x0005       [1]    MM_TotalFreeMemSize_i_L0
0x0005       [1]    __Lib_Sprinti_?FLOC____Lib_Sprinti_Do_FillT54
0x0005       [2]    LongWordToHex_input_half_L0
0x0005       [2]    Ltrim_p_L0
0x0006       [1]    __Lib_MemManager_MM_GetMemAlign_i_L0
0x0006       [2]    __Lib_USB_genHID_GetMaxIndexInConfigDsc_totalLen_L0
0x0006       [1]    R6
0x0006       [1]    __Lib_Sprinti_?FLOC____Lib_Sprinti_Do_FillT69
0x0007       [4]    FT810_Canvas_SurrRect_minY_L0
0x0007       [4]    FT812_Canvas_SurrRect_minY_L0
0x0007       [4]    FT800_Canvas_SurrRect_minY_L0
0x0007       [1]    __Lib_TFT_JPEG_GenerateHuffmanTables_bLength_L0
0x0007       [1]    R7
0x0007       [1]    __Lib_TFT_16bit_JPEG_GenerateHuffmanTables_bLength_L0
0x0008       [3]    __Lib_USB_genHID_GetMaxIndexInConfigDsc_ptr_L0
0x0008       [1]    __Lib_TFT_JPEG_GenerateHuffmanTables_bTable_L0
0x0008       [1]    __Lib_TFT_16bit_JPEG_GenerateHuffmanTables_bTable_L0
0x0008       [1]    R8
0x0009       [1]    R9
0x0009       [4]    __Lib_MmcFat16_f16_toLong_l_L0
0x000A       [1]    R10
0x000B       [4]    FT812_Canvas_SurrRect_maxX_L0
0x000B       [4]    FT810_Canvas_SurrRect_maxX_L0
0x000B       [1]    R11
0x000B       [4]    FT800_Canvas_SurrRect_maxX_L0
0x000C       [1]    R12
0x000D       [1]    R13
0x000E       [1]    R14
0x000F       [4]    FT812_Canvas_SurrRect_maxY_L0
0x000F       [1]    R15
0x000F       [4]    FT800_Canvas_SurrRect_maxY_L0
0x000F       [4]    FT810_Canvas_SurrRect_maxY_L0
0x0010       [1]    R16
0x0011       [1]    R17
0x0012       [1]    R18
0x0013       [1]    R19
0x0014       [1]    R20
0x0015      [10]    ?lstr3_CLAVE_TECLADO
0x001F       [2]    _i
0x0021       [2]    _error
0x0023       [5]    _fija
0x0028       [5]    _usuario
0x002D       [9]    ?lstr2_CLAVE_TECLADO
0x0036      [18]    ?lstr1_CLAVE_TECLADO
0x0048      [17]    ?lstr5_CLAVE_TECLADO
0x0059      [18]    ?lstr4_CLAVE_TECLADO
0x006B       [9]    ?lstr7_CLAVE_TECLADO
0x0074      [18]    ?lstr6_CLAVE_TECLADO
0x0086       [1]    _kp
0x0087       [0]    __Lib_Lcd_cmd_status
0x0088       [2]    FLOC__main
0x008A       [1]    FARG_Lcd_Out_row
0x008A       [1]    FARG_Lcd_Chr_row
0x008B       [1]    FARG_Lcd_Chr_column
0x008B       [1]    FARG_Lcd_Out_column
0x008C       [1]    FARG_Lcd_Chr_out_char
0x008C       [2]    FARG_Lcd_Out_text
0x008E       [1]    Lcd_Out_i_L0
0x008F       [1]    FARG_Lcd_Chr_CP_out_char
0x008F       [1]    Keypad_Key_Click_rslt_L0
0x0090       [1]    FARG_Lcd_Cmd_out_char
0x0090       [1]    Keypad_Key_Press_rslt_L0
0x0091       [1]    Keypad_Key_Press_kdata_L0
0x0092       [1]    Keypad_Key_Press_loc_L0
0x0093       [1]    Keypad_Key_Press_rowcnt_L0
0x0094       [1]    Keypad_Key_Press_shifter_L0
0x0F81       [1]    PORTB
0x0F81       [1]    keypadPort
0x0F82       [1]    PORTC
0x0F83       [0]    RD1_bit
0x0F83       [0]    LCD_EN
0x0F83       [0]    RD4_bit
0x0F83       [0]    LCD_RS
0x0F83       [0]    RD7_bit
0x0F83       [0]    LCD_D7
0x0F83       [0]    LCD_D5
0x0F83       [0]    RD0_bit
0x0F83       [0]    RD5_bit
0x0F83       [0]    LCD_D4
0x0F83       [0]    LCD_D6
0x0F83       [0]    RD6_bit
0x0F94       [1]    TRISC
0x0F95       [0]    TRISD4_bit
0x0F95       [0]    TRISD7_bit
0x0F95       [0]    TRISD5_bit
0x0F95       [0]    LCD_D7_Direction
0x0F95       [0]    LCD_RS_Direction
0x0F95       [0]    LCD_D4_Direction
0x0F95       [0]    TRISD0_bit
0x0F95       [0]    LCD_EN_Direction
0x0F95       [0]    TRISD1_bit
0x0F95       [0]    LCD_D5_Direction
0x0F95       [0]    LCD_D6_Direction
0x0F95       [0]    TRISD6_bit
0x0FC1       [1]    ADCON1
0x0FD8       [1]    STATUS
0x0FD9       [1]    FSR2L
0x0FDA       [1]    FSR2H
0x0FDE       [1]    POSTINC2
0x0FE0       [1]    BSR
0x0FE1       [1]    FSR1L
0x0FE2       [1]    FSR1H
0x0FE4       [1]    PREINC1
0x0FE6       [1]    POSTINC1
0x0FE7       [1]    INDF1
0x0FE8       [1]    WREG
0x0FE9       [1]    FSR0L
0x0FEA       [1]    FSR0H
0x0FEE       [1]    POSTINC0
0x0FF3       [1]    PRODL
0x0FF4       [1]    PRODH
0x0FF5       [1]    TABLAT
0x0FF6       [1]    TBLPTRL
0x0FF7       [1]    TBLPTRH
0x0FF8       [1]    TBLPTRU
//** Constants locations ** 
//ADDRESS    SIZE    CONSTANT
//----------------------------------------------
0x0524      [10]    ?ICS?lstr3_CLAVE_TECLADO
0x052E       [2]    ?ICS_i
0x0530       [2]    ?ICS_error
0x0532       [5]    ?ICS_fija
0x0537       [5]    ?ICS_usuario
0x053C       [9]    ?ICS?lstr2_CLAVE_TECLADO
0x0545      [18]    ?ICS?lstr1_CLAVE_TECLADO
0x0557      [17]    ?ICS?lstr5_CLAVE_TECLADO
0x0568      [18]    ?ICS?lstr4_CLAVE_TECLADO
0x057A       [9]    ?ICS?lstr7_CLAVE_TECLADO
0x0583      [18]    ?ICS?lstr6_CLAVE_TECLADO
